#
# Automatically generated, don't edit
#
# Generated on: G4Buntu
# At: Sat, 02 Nov 2019 22:28:58 +0000
# Linux version 2.6.28-6-powerpc (buildd@adare) (gcc version 4.3.3 (Ubuntu 4.3.3-5ubuntu4) ) #20-Ubuntu Fri Apr 17 08:30:40 UTC 2009

#
# Pistachio Kernel Configuration System
#

#
# Hardware
#

#
# Basic Architecture
#
CONFIG_ARCH_IA32=n
CONFIG_ARCH_IA64=n
CONFIG_ARCH_POWERPC=y
CONFIG_ARCH_POWERPC64=n
CONFIG_ARCH_AMD64=n
CONFIG_ARCH_ALPHA=n
CONFIG_ARCH_MIPS64=n
CONFIG_ARCH_ARM=n
CONFIG_ARCH_SPARC64=n


#
# Processor Type
#
CONFIG_CPU_IA32_I486=n
CONFIG_CPU_IA32_I586=n
CONFIG_CPU_IA32_I686=n
CONFIG_CPU_IA32_P4=n
CONFIG_CPU_IA32_K8=n
CONFIG_CPU_IA32_C3=n


#
# Processor Type
#
CONFIG_CPU_POWERPC_IBM750=y
CONFIG_CPU_POWERPC_PPC604=n


#
# Platform
#
CONFIG_PLAT_PC99=y


#
# Platform
#
CONFIG_PLAT_OFPPC=y

CONFIG_SMP=y
CONFIG_SMP_MAX_PROCS=4

#
# Miscellaneous
#
CONFIG_PPC_EXPOSE_OPIC=y
CONFIG_DISABLE_ALIGNMENT_EXCEPTIONS=n



#
# Kernel
#
CONFIG_IPC_FASTPATH=n
CONFIG_DEBUG=y
CONFIG_PPC_BAT_SYSCALLS=y


#
# Debugger
#
CONFIG_KDB=n
CONFIG_KDB_NO_ASSERTS=n
CONFIG_ASSERT_LEVEL=2

#
# Trace Settings
#
CONFIG_TRACEBUFFER=n



#
# Code Generator Options
#
CONFIG_SYSV_ABI=y
CONFIG_PPC_SEGMENT_LOOP=n
CONFIG_PPC_MULTIWORD_INSTR=y


#
# Derived symbols
#
CONFIG_IA32_FXSR=n
CONFIG_IA32_PGE=n
CONFIG_IS_64BIT=n
CONFIG_PLAT_OFSPARC64=n
CONFIG_IA32_HTT=n
CONFIG_BIGENDIAN=y
CONFIG_SPARC64_SAB82532=n
CONFIG_IS_32BIT=y
CONFIG_CPU_SPARC64_ULTRASPARC=n
CONFIG_ARM_BIG_ENDIAN=n
CONFIG_SWIZZLE_IO_ADDR=n
CONFIG_IA32_SMALL_SPACES_GLOBAL=n
CONFIG_HAVE_MEMORY_CONTROL=n
CONFIG_IA32_PSE=n
CONFIG_ARM_V5=n
CONFIG_SPARC64_ULTRASPARC2I=n
CONFIG_ARM_THUMB_SUPPORT=n
CONFIG_IA32_TSC=n
CONFIG_SPARC64_ULTRASPARC1=n
CONFIG_ACPI=n
CONFIG_SPARC64_Z8530=n
CONFIG_ALPHA_FASTPATH=n
CONFIG_SPARC64_ULTRASPARC2=n
CONFIG_IA32_SYSENTER=n
#
# That's all, folks!
