#
# Automatically generated, don't edit
#
# Generated on: fedora28.novalocal
# At: Mon, 16 Sep 2019 21:29:10 +0000
# Linux version 4.16.3-301.fc28.ppc64 (mockbuild@buildvm-ppc64-06.ppc.fedoraproject.org) (gcc version 8.0.1 20180324 (Red Hat 8.0.1-0.20) (GCC)) #1 SMP Mon Apr 23 21:44:46 UTC 2018

#
# Pistachio Kernel Configuration System
#

#
# Hardware
#

#
# Basic Architecture
#
CONFIG_ARCH_X86=n
CONFIG_ARCH_POWERPC=n
CONFIG_ARCH_POWERPC64=y


#
# X86 Processor Architecture
#
CONFIG_SUBARCH_X32=n
CONFIG_SUBARCH_X64=n


#
# Processor Type
#
CONFIG_CPU_X86_I486=n
CONFIG_CPU_X86_I586=n
CONFIG_CPU_X86_I686=n
CONFIG_CPU_X86_P4=n
CONFIG_CPU_X86_K8=n
CONFIG_CPU_X86_C3=n
CONFIG_CPU_X86_SIMICS=n


#
# Platform
#
CONFIG_PLAT_PC99=n


#
# Processor Type
#
CONFIG_CPU_POWERPC_PPC440=n
CONFIG_CPU_POWERPC_IBM750=n
CONFIG_CPU_POWERPC_PPC604=n


#
# Platform
#
CONFIG_PLAT_OFPPC=n
CONFIG_PLAT_PPC44X=n


#
# Sub-Platform
#
CONFIG_SUBPLAT_440_BGP=n
CONFIG_SUBPLAT_440_EBONY=n


#
# Platform
#
CONFIG_PLAT_OFG5=n
CONFIG_PLAT_OFPOWER3=n
CONFIG_PLAT_OFPOWER4=y


#
# Processor Type
#
CONFIG_CPU_POWERPC64_POWER3=n
CONFIG_CPU_POWERPC64_POWER3p=n
CONFIG_CPU_POWERPC64_POWER4=y
CONFIG_CPU_POWERPC64_POWER4p=n
CONFIG_CPU_POWERPC64_PPC970=n


#
# Miscellaneous
#
CONFIG_IOAPIC=y
CONFIG_PPC_EXPOSE_OPIC=y
CONFIG_BOOTMEM_PAGES=1024

CONFIG_SMP=y
CONFIG_SMP_MAX_PROCS=4


#
# Kernel
#
CONFIG_EXPERIMENTAL=y

#
# Experimental Features
#
CONFIG_X_PAGER_EXREGS=y
CONFIG_X_CTRLXFER_MSG=n

#
# Kernel scheduling policy
#
CONFIG_SCHED_RR=y
CONFIG_X_SCHED_HS=n


CONFIG_IPC_FASTPATH=n
CONFIG_DEBUG=y
CONFIG_DEBUG_SYMBOLS=y
CONFIG_STATIC_TCBS=n
CONFIG_PPC_BAT_SYSCALLS=y
CONFIG_PPC64_TRASH_OF=n


#
# Debugger
#

#
# Kernel Debugger Console
#
CONFIG_KDB_CONS_BGP_JTAG=n
CONFIG_KDB_CONS_BGP_TREE=n
CONFIG_KDB_CONS_COM=y
CONFIG_KDB_COMPORT=0x0
CONFIG_KDB_COMSPEED=115200
CONFIG_KDB_CONS_OF1275=n
CONFIG_KDB_CONS_PSIM_COM=n
CONFIG_KDB_CONS_RTAS=n
CONFIG_KDB_BOOT_CONS=0

CONFIG_KDB_DISAS=n
CONFIG_KDB_ON_STARTUP=n
CONFIG_KDB_BREAKIN=n
CONFIG_KDB_BREAKIN_BREAK=n
CONFIG_KDB_BREAKIN_ESCAPE=y
CONFIG_KDB_NO_ASSERTS=y

#
# Trace Settings
#
CONFIG_VERBOSE_INIT=n
CONFIG_TRACEPOINTS=n
CONFIG_KMEM_TRACE=n
CONFIG_TRACEBUFFER=n



#
# Code Generator Options
#
CONFIG_SYSV_ABI=n
CONFIG_PPC_SEGMENT_LOOP=n
CONFIG_PPC_MULTIWORD_INSTR=y


#
# Derived symbols
#
CONFIG_HAVE_MEMORY_CONTROL=y
CONFIG_X86_PSE=n
CONFIG_BIGENDIAN=y
CONFIG_PPC_MMU_TLB=n
CONFIG_X86_SYSENTER=n
CONFIG_X86_PGE=n
CONFIG_X86_FXSR=n
CONFIG_IS_32BIT=n
CONFIG_X86_HTT=n
CONFIG_X86_PAT=n
CONFIG_PPC_BOOKE=n
CONFIG_IS_64BIT=y
CONFIG_MULTI_ARCHITECTURE=n
CONFIG_X86_EM64T=n
CONFIG_PPC_CACHE_L1_WRITETHROUGH=n
CONFIG_PPC_TLB_INV_LOCAL=n
CONFIG_PPC_CACHE_ICBI_LOCAL=n
CONFIG_X86_SMALL_SPACES_GLOBAL=n
CONFIG_X86_HVM=n
CONFIG_PPC_MMU_SEGMENTS=n
CONFIG_X86_TSC=n
#
# That's all, folks!
