#
# Automatically generated, don't edit
#
# Generated on: G4Buntu
# At: Tue, 05 Nov 2019 00:56:57 +0000
# Linux version 2.6.28-6-powerpc (buildd@adare) (gcc version 4.3.3 (Ubuntu 4.3.3-5ubuntu4) ) #20-Ubuntu Fri Apr 17 08:30:40 UTC 2009

#
# Pistachio Kernel Configuration System
#

#
# Hardware
#

#
# Basic Architecture
#
CONFIG_ARCH_X86=n
CONFIG_ARCH_POWERPC=y
CONFIG_ARCH_POWERPC64=n


#
# X86 Processor Architecture
#
CONFIG_SUBARCH_X32=n
CONFIG_SUBARCH_X64=n


#
# Processor Type
#
CONFIG_CPU_X86_I486=n
CONFIG_CPU_X86_I586=n
CONFIG_CPU_X86_I686=n
CONFIG_CPU_X86_P4=n
CONFIG_CPU_X86_K8=n
CONFIG_CPU_X86_C3=n
CONFIG_CPU_X86_SIMICS=n


#
# Platform
#
CONFIG_PLAT_PC99=n
CONFIG_PLAT_EFI=n


#
# Processor Type
#
CONFIG_CPU_POWERPC_PPC440=n
CONFIG_CPU_POWERPC_IBM750=y
CONFIG_CPU_POWERPC_PPC604=n


#
# Platform
#
CONFIG_PLAT_OFPPC=y
CONFIG_PLAT_PPC44X=n


#
# Sub-Platform
#
CONFIG_SUBPLAT_440_BGP=n
CONFIG_SUBPLAT_440_EBONY=n


#
# Miscellaneous
#
CONFIG_IOAPIC=n
CONFIG_PPC_EXPOSE_OPIC=y

CONFIG_SMP=n


#
# Kernel
#
CONFIG_EXPERIMENTAL=y

#
# Experimental Features
#
CONFIG_X_PAGER_EXREGS=y
CONFIG_X_CTRLXFER_MSG=y

#
# Kernel scheduling policy
#
CONFIG_SCHED_RR=y
CONFIG_X_SCHED_HS=n


CONFIG_IPC_FASTPATH=y
CONFIG_DEBUG=y
CONFIG_DEBUG_SYMBOLS=y
CONFIG_STATIC_TCBS=n
CONFIG_PPC_BAT_SYSCALLS=y


#
# Debugger
#

#
# Kernel Debugger Console
#
CONFIG_KDB_CONS_COM=y
CONFIG_KDB_COMPORT=0x0
CONFIG_KDB_COMSPEED=115200
CONFIG_KDB_CONS_OF1275=n
CONFIG_KDB_CONS_PSIM_COM=n
CONFIG_KDB_BOOT_CONS=0

CONFIG_KDB_DISAS=n
CONFIG_KDB_ON_STARTUP=n
CONFIG_KDB_BREAKIN=n
CONFIG_KDB_BREAKIN_BREAK=n
CONFIG_KDB_NO_ASSERTS=n

#
# Trace Settings
#
CONFIG_VERBOSE_INIT=n
CONFIG_TRACEPOINTS=n
CONFIG_KMEM_TRACE=n
CONFIG_TRACEBUFFER=n



#
# Code Generator Options
#
CONFIG_SYSV_ABI=y
CONFIG_PPC_SEGMENT_LOOP=n
CONFIG_PPC_MULTIWORD_INSTR=y


#
# Derived symbols
#
CONFIG_HAVE_MEMORY_CONTROL=n
CONFIG_X86_PSE=n
CONFIG_BIGENDIAN=y
CONFIG_PPC_MMU_TLB=n
CONFIG_X86_SYSENTER=n
CONFIG_X86_PGE=n
CONFIG_X86_FXSR=n
CONFIG_IS_32BIT=y
CONFIG_X86_HTT=n
CONFIG_X86_PAT=n
CONFIG_PPC_BOOKE=n
CONFIG_IS_64BIT=n
CONFIG_MULTI_ARCHITECTURE=n
CONFIG_X86_EM64T=n
CONFIG_PPC_CACHE_L1_WRITETHROUGH=n
CONFIG_PPC_TLB_INV_LOCAL=n
CONFIG_PPC_CACHE_ICBI_LOCAL=n
CONFIG_X86_SMALL_SPACES_GLOBAL=n
CONFIG_X86_HVM=n
CONFIG_PPC_MMU_SEGMENTS=y
CONFIG_X86_TSC=n
#
# That's all, folks!
