#
# Automatically generated, don't edit
#
# Generated on: fedora28.novalocal
# At: Thu, 24 Oct 2019 00:42:43 +0000
# Linux version 4.16.3-301.fc28.ppc64 (mockbuild@buildvm-ppc64-06.ppc.fedoraproject.org) (gcc version 8.0.1 20180324 (Red Hat 8.0.1-0.20) (GCC)) #1 SMP Mon Apr 23 21:44:46 UTC 2018

#
# Pistachio Kernel Configuration System
#

#
# Hardware
#

#
# Basic Architecture
#
CONFIG_ARCH_IA32=n
CONFIG_ARCH_IA64=n
CONFIG_ARCH_POWERPC=n
CONFIG_ARCH_POWERPC64=y
CONFIG_ARCH_AMD64=n
CONFIG_ARCH_ALPHA=n
CONFIG_ARCH_MIPS64=n
CONFIG_ARCH_ARM=n
CONFIG_ARCH_SPARC64=n


#
# Platform
#
CONFIG_PLAT_PC99=n


#
# Platform
#
CONFIG_PLAT_OFG5=n
CONFIG_PLAT_OFPOWER3=n
CONFIG_PLAT_OFPOWER4=y


#
# Processor Type
#
CONFIG_CPU_POWERPC64_POWER3=n
CONFIG_CPU_POWERPC64_POWER3p=n
CONFIG_CPU_POWERPC64_POWER4=n
CONFIG_CPU_POWERPC64_POWER4p=y
CONFIG_CPU_POWERPC64_PPC970=n


#
# Miscellaneous
#
CONFIG_BOOTMEM_PAGES=1024
CONFIG_DISABLE_ALIGNMENT_EXCEPTIONS=n



#
# Kernel
#
CONFIG_IPC_FASTPATH=n
CONFIG_DEBUG=y
CONFIG_PPC64_TRASH_OF=n


#
# Debugger
#
CONFIG_KDB=n

#
# Consoles
#
CONFIG_KDB_CONS_RTAS=n

CONFIG_KDB_DISAS=n
CONFIG_KDB_ON_STARTUP=n
CONFIG_KDB_BREAKIN=n
CONFIG_KDB_NO_ASSERTS=y
CONFIG_DEBUG_SYMBOLS=n

#
# Trace Settings
#
CONFIG_VERBOSE_INIT=n
CONFIG_TRACEPOINTS=n
CONFIG_KMEM_TRACE=n
CONFIG_TRACEBUFFER=n



#
# Code Generator Options
#


#
# Derived symbols
#
CONFIG_IA32_FXSR=n
CONFIG_IA32_PGE=n
CONFIG_IS_64BIT=y
CONFIG_PLAT_OFSPARC64=n
CONFIG_IA32_HTT=n
CONFIG_BIGENDIAN=y
CONFIG_SPARC64_SAB82532=n
CONFIG_IS_32BIT=n
CONFIG_CPU_SPARC64_ULTRASPARC=n
CONFIG_ARM_BIG_ENDIAN=n
CONFIG_SWIZZLE_IO_ADDR=n
CONFIG_IA32_SMALL_SPACES_GLOBAL=n
CONFIG_HAVE_MEMORY_CONTROL=y
CONFIG_IA32_PSE=n
CONFIG_ARM_V5=n
CONFIG_SPARC64_ULTRASPARC2I=n
CONFIG_ARM_THUMB_SUPPORT=n
CONFIG_IA32_TSC=n
CONFIG_SPARC64_ULTRASPARC1=n
CONFIG_ACPI=n
CONFIG_SPARC64_Z8530=n
CONFIG_ALPHA_FASTPATH=n
CONFIG_SPARC64_ULTRASPARC2=n
CONFIG_IA32_SYSENTER=n
#
# That's all, folks!
