#
# Automatically generated, don't edit
#
# Generated on: tyson-Lenovo-ideapad-120S-14IAP
# At: Sat, 25 Jan 2020 18:51:05 +0000
# Linux version 5.0.0-38-generic (buildd@lgw01-amd64-036) (gcc version 8.3.0 (Ubuntu 8.3.0-6ubuntu1)) #41-Ubuntu SMP Tue Dec 3 00:27:35 UTC 2019

#
# Pistachio Kernel Configuration System
#

#
# Hardware
#

#
# Basic Architecture
#
CONFIG_ARCH_X86=n
CONFIG_ARCH_POWERPC=y
CONFIG_ARCH_POWERPC64=n


#
# X86 Processor Architecture
#
CONFIG_SUBARCH_X32=n
CONFIG_SUBARCH_X64=n


#
# Processor Type
#
CONFIG_CPU_X86_I486=n
CONFIG_CPU_X86_I586=n
CONFIG_CPU_X86_I686=n
CONFIG_CPU_X86_P4=n
CONFIG_CPU_X86_K8=n
CONFIG_CPU_X86_C3=n
CONFIG_CPU_X86_SIMICS=n


#
# Platform
#
CONFIG_PLAT_PC99=n
CONFIG_PLAT_EFI=n


#
# Processor Type
#
CONFIG_CPU_POWERPC_PPC440=n
CONFIG_CPU_POWERPC_IBM750=n
CONFIG_CPU_POWERPC_PPC604=y


#
# Platform
#
CONFIG_PLAT_OFPPC=y
CONFIG_PLAT_PPC44X=n


#
# Sub-Platform
#
CONFIG_SUBPLAT_440_BGP=n
CONFIG_SUBPLAT_440_EBONY=n


#
# Miscellaneous
#
CONFIG_IOAPIC=y
CONFIG_MAX_IOAPICS=2
CONFIG_APIC_TIMER_TICK=1000
CONFIG_PPC_EXPOSE_OPIC=y

CONFIG_SMP=n


#
# Kernel
#
CONFIG_EXPERIMENTAL=n
CONFIG_IPC_FASTPATH=n
CONFIG_DEBUG=y
CONFIG_DEBUG_SYMBOLS=n
CONFIG_PERFMON=n
CONFIG_SPIN_WHEELS=n
CONFIG_NEW_MDB=n
CONFIG_STATIC_TCBS=n
CONFIG_PPC_BAT_SYSCALLS=y
CONFIG_X86_SMALL_SPACES=n
CONFIG_X86_COMPATIBILITY_MODE=n


#
# Debugger
#

#
# Kernel Debugger Console
#
CONFIG_KDB_CONS_COM=y
CONFIG_KDB_COMPORT=0x0
CONFIG_KDB_COMSPEED=115200
CONFIG_KDB_CONS_KBD=n
CONFIG_KDB_CONS_OF1275=n
CONFIG_KDB_CONS_PSIM_COM=n
CONFIG_KDB_BOOT_CONS=0

CONFIG_KDB_DISAS=n
CONFIG_KDB_ON_STARTUP=n
CONFIG_KDB_BREAKIN=n
CONFIG_KDB_BREAKIN_BREAK=n
CONFIG_KDB_INPUT_HLT=n
CONFIG_KDB_NO_ASSERTS=n

#
# Trace Settings
#
CONFIG_VERBOSE_INIT=n
CONFIG_TRACEPOINTS=n
CONFIG_KMEM_TRACE=n
CONFIG_TRACEBUFFER=n



#
# Code Generator Options
#
CONFIG_SYSV_ABI=y
CONFIG_PPC_SEGMENT_LOOP=n
CONFIG_PPC_MULTIWORD_INSTR=y


#
# Derived symbols
#
CONFIG_HAVE_MEMORY_CONTROL=n
CONFIG_X86_PSE=n
CONFIG_BIGENDIAN=y
CONFIG_PPC_MMU_TLB=n
CONFIG_X86_SYSENTER=n
CONFIG_X86_PGE=n
CONFIG_X86_FXSR=n
CONFIG_IS_32BIT=y
CONFIG_X86_HTT=n
CONFIG_X86_PAT=n
CONFIG_PPC_BOOKE=n
CONFIG_IS_64BIT=n
CONFIG_MULTI_ARCHITECTURE=n
CONFIG_X86_EM64T=n
CONFIG_PPC_CACHE_L1_WRITETHROUGH=n
CONFIG_PPC_TLB_INV_LOCAL=n
CONFIG_PPC_CACHE_ICBI_LOCAL=n
CONFIG_X86_SMALL_SPACES_GLOBAL=n
CONFIG_X86_HVM=n
CONFIG_PPC_MMU_SEGMENTS=y
CONFIG_X86_TSC=n
#
# That's all, folks!
