This file contains any messages produced by compilers while
running configure, to aid debugging if configure makes a mistake.

It was created by Pistachio configure 0.4, which was
generated by GNU Autoconf 2.69.  Invocation command line was

  $ ./configure 

## --------- ##
## Platform. ##
## --------- ##

hostname = fedora28.novalocal
uname -m = ppc64
uname -r = 4.16.3-301.fc28.ppc64
uname -s = Linux
uname -v = #1 SMP Mon Apr 23 21:44:46 UTC 2018

/usr/bin/uname -p = ppc64
/bin/uname -X     = unknown

/bin/arch              = ppc64
/usr/bin/arch -k       = unknown
/usr/convex/getsysinfo = unknown
/usr/bin/hostinfo      = unknown
/bin/machine           = unknown
/usr/bin/oslevel       = unknown
/bin/universe          = unknown

PATH: /usr/local/sbin
PATH: /usr/local/bin
PATH: /usr/sbin
PATH: /usr/bin
PATH: /sbin
PATH: /bin


## ----------- ##
## Core tests. ##
## ----------- ##

configure:1933: checking for gcc
configure:1960: result: gcc34
configure:2189: checking for C compiler version
configure:2198: gcc34 --version >&5
gcc34 (GCC) 3.4.6 20060404 (Red Hat 3.4.6-46.fc28)
Copyright (C) 2006 Free Software Foundation, Inc.
This is free software; see the source for copying conditions.  There is NO
warranty; not even for MERCHANTABILITY or FITNESS FOR A PARTICULAR PURPOSE.

configure:2209: $? = 0
configure:2198: gcc34 -v >&5
Reading specs from /usr/lib/gcc/ppc64-redhat-linux/3.4.6/specs
Configured with: ../configure --prefix=/usr --mandir=/usr/share/man --infodir=/usr/share/info --enable-shared --enable-threads=posix --disable-checking --with-system-zlib --enable-__cxa_atexit --disable-libunwind-exceptions --enable-languages=c,c++,f77 --disable-libgcj --host=ppc64-redhat-linux
Thread model: posix
gcc version 3.4.6 20060404 (Red Hat 3.4.6-46.fc28)
configure:2209: $? = 0
configure:2198: gcc34 -V >&5
gcc34: `-V' option must have argument
configure:2209: $? = 1
configure:2198: gcc34 -qversion >&5
gcc34: unrecognized option `-qversion'
gcc34: no input files
configure:2209: $? = 1
configure:2229: checking whether the C compiler works
configure:2251: gcc34    conftest.c  >&5
configure:2255: $? = 0
configure:2303: result: yes
configure:2306: checking for C compiler default output file name
configure:2308: result: a.out
configure:2314: checking for suffix of executables
configure:2321: gcc34 -o conftest    conftest.c  >&5
configure:2325: $? = 0
configure:2347: result: 
configure:2369: checking whether we are cross compiling
configure:2377: gcc34 -o conftest    conftest.c  >&5
configure:2381: $? = 0
configure:2388: ./conftest
configure:2392: $? = 0
configure:2407: result: no
configure:2412: checking for suffix of object files
configure:2434: gcc34 -c   conftest.c >&5
configure:2438: $? = 0
configure:2459: result: o
configure:2463: checking whether we are using the GNU C compiler
configure:2482: gcc34 -c   conftest.c >&5
configure:2482: $? = 0
configure:2491: result: yes
configure:2500: checking whether gcc34 accepts -g
configure:2520: gcc34 -c -g  conftest.c >&5
configure:2520: $? = 0
configure:2561: result: yes
configure:2578: checking for gcc34 option to accept ISO C89
configure:2641: gcc34  -c -g -O2  conftest.c >&5
configure:2641: $? = 0
configure:2654: result: none needed
configure:2717: checking for a BSD-compatible install
configure:2785: result: /usr/bin/install -c
configure:2796: checking whether make sets $(MAKE)
configure:2818: result: yes
configure:2827: checking whether ln -s works
configure:2831: result: yes
configure:2842: checking for gawk
configure:2858: found /usr/bin/gawk
configure:2869: result: gawk
configure:2953: checking location of libgcc.a
configure:2957: result: /usr/lib/gcc/ppc64-redhat-linux/3.4.6
configure:2960: checking location of stdarg.h
configure:2980: result: /usr/lib/gcc/ppc64-redhat-linux/3.4.6/include
configure:2987: checking kernel build directory
configure:3029: result: $(top_builddir)
configure:3239: creating ./config.status

## ---------------------- ##
## Running config.status. ##
## ---------------------- ##

This file was extended by Pistachio config.status 0.4, which was
generated by GNU Autoconf 2.69.  Invocation command line was

  CONFIG_FILES    = 
  CONFIG_HEADERS  = 
  CONFIG_LINKS    = 
  CONFIG_COMMANDS = 
  $ ./config.status 

on fedora28.novalocal

config.status:823: creating config.mk
config.status:823: creating Makefile
config.status:823: creating lib/Makefile
config.status:823: creating lib/l4/Makefile
config.status:823: creating lib/io/Makefile
config.status:823: creating serv/Makefile
config.status:823: creating serv/sigma0/Makefile
config.status:823: creating apps/Makefile
config.status:823: creating apps/bench/Makefile
config.status:823: creating apps/bench/pingpong/Makefile
config.status:823: creating apps/grabmem/Makefile
config.status:823: creating apps/l4test/Makefile
config.status:823: creating util/Makefile
config.status:823: creating util/kickstart/Makefile
config.status:823: creating util/grubdisk/Makefile
config.status:823: creating util/piggybacker/Makefile
config.status:823: creating util/piggybacker/ofppc/Makefile
config.status:823: creating util/piggybacker/ofppc64/Makefile
config.status:823: creating contrib/Makefile
config.status:823: creating contrib/elf-loader/Makefile
config.status:823: creating config.h
config.status:998: config.h is unchanged

## ---------------- ##
## Cache variables. ##
## ---------------- ##

ac_cv_c_compiler_gnu=yes
ac_cv_env_CC_set=set
ac_cv_env_CC_value=gcc34
ac_cv_env_CFLAGS_set=
ac_cv_env_CFLAGS_value=
ac_cv_env_CPPFLAGS_set=
ac_cv_env_CPPFLAGS_value=
ac_cv_env_LDFLAGS_set=
ac_cv_env_LDFLAGS_value=
ac_cv_env_LIBS_set=
ac_cv_env_LIBS_value=
ac_cv_env_build_alias_set=
ac_cv_env_build_alias_value=
ac_cv_env_host_alias_set=
ac_cv_env_host_alias_value=
ac_cv_env_target_alias_set=
ac_cv_env_target_alias_value=
ac_cv_objext=o
ac_cv_path_install='/usr/bin/install -c'
ac_cv_prog_AWK=gawk
ac_cv_prog_ac_ct_CC=gcc34
ac_cv_prog_cc_c89=
ac_cv_prog_cc_g=yes
ac_cv_prog_make_make_set=yes

## ----------------- ##
## Output variables. ##
## ----------------- ##

ARCH='powerpc64'
AWK='gawk'
CC='gcc34'
CFLAGS='-nostdinc -g -O2 -msoft-float -mminimal-toc'
CPPFLAGS='-I$(top_srcdir)/include -I$(top_builddir) -I/usr/lib/gcc/ppc64-redhat-linux/3.4.6/include '
CROSSCC=''
CXXFLAGS='-fno-exceptions '
DEFS='-DHAVE_CONFIG_H'
ECHO_C=''
ECHO_N='-n'
ECHO_T=''
EXEEXT=''
INSTALL_DATA='${INSTALL} -m 644'
INSTALL_PROGRAM='${INSTALL}'
INSTALL_SCRIPT='${INSTALL}'
KERNEL='powerpc64-kernel'
KICKSTART_LINKBASE=''
LDFLAGS='-N -L$(top_builddir)/lib -L/usr/lib/gcc/ppc64-redhat-linux/3.4.6 -nostdlib '
LIBOBJS=''
LIBS=''
LN_S='ln -s'
LTLIBOBJS=''
OBJEXT='o'
PACKAGE_BUGREPORT=''
PACKAGE_NAME='Pistachio'
PACKAGE_STRING='Pistachio 0.4'
PACKAGE_TARNAME='pistachio'
PACKAGE_URL=''
PACKAGE_VERSION='0.4'
PATH_SEPARATOR=':'
PLAT=''
ROOTTASK_LINKBASE='00300000'
SET_MAKE=''
SHELL='/bin/sh'
SIGMA0_LINKBASE='00100000'
TOOLPREFIX=''
ac_ct_CC='gcc34'
bindir='${exec_prefix}/bin'
build_alias=''
datadir='${datarootdir}'
datarootdir='${prefix}/share'
docdir='${datarootdir}/doc/${PACKAGE_TARNAME}'
dvidir='${docdir}'
exec_prefix='${prefix}'
host_alias=''
htmldir='${docdir}'
includedir='${prefix}/include'
infodir='${datarootdir}/info'
kerneldir='$(top_builddir)'
libdir='${exec_prefix}/lib/l4'
libexecdir='${exec_prefix}/libexec/l4'
localedir='${datarootdir}/locale'
localstatedir='${prefix}/var'
mandir='${datarootdir}/man'
oldincludedir='/usr/include'
pdfdir='${docdir}'
prefix='/usr/local'
program_transform_name='s,x,x,'
psdir='${docdir}'
sbindir='${exec_prefix}/sbin'
sharedstatedir='${prefix}/com'
sysconfdir='${prefix}/etc'
target_alias=''

## ----------- ##
## confdefs.h. ##
## ----------- ##

/* confdefs.h */
#define PACKAGE_NAME "Pistachio"
#define PACKAGE_TARNAME "pistachio"
#define PACKAGE_VERSION "0.4"
#define PACKAGE_STRING "Pistachio 0.4"
#define PACKAGE_BUGREPORT ""
#define PACKAGE_URL ""
#define CONFIG_COMPORT 0
#define CONFIG_COMSPEED 115200

configure: exit 0
