#
# Automatically generated, don't edit
#
# Generated on: PPC64U
# At: Sun, 25 Aug 2019 20:37:50 +0000
# Linux version 5.2.0-8-generic (buildd@bos02-ppc64el-015) (gcc version 9.1.0 (Ubuntu 9.1.0-6ubuntu2)) #9-Ubuntu SMP Mon Jul 8 13:05:34 UTC 2019

#
# Pistachio Kernel Configuration System
#

#
# Hardware
#

#
# Basic Architecture
#
CONFIG_ARCH_X86=n
CONFIG_ARCH_POWERPC=n
CONFIG_ARCH_POWERPC64=y


#
# X86 Processor Architecture
#
CONFIG_SUBARCH_X32=n
CONFIG_SUBARCH_X64=n


#
# Processor Type
#
CONFIG_CPU_X86_I486=n
CONFIG_CPU_X86_I586=n
CONFIG_CPU_X86_I686=n
CONFIG_CPU_X86_P4=n
CONFIG_CPU_X86_K8=n
CONFIG_CPU_X86_C3=n
CONFIG_CPU_X86_SIMICS=n


#
# Platform
#
CONFIG_PLAT_PC99=n


#
# Platform
#
CONFIG_PLAT_OFG5=n
CONFIG_PLAT_OFPOWER3=n
CONFIG_PLAT_OFPOWER4=y


#
# Processor Type
#
CONFIG_CPU_POWERPC64_POWER3=n
CONFIG_CPU_POWERPC64_POWER3p=n
CONFIG_CPU_POWERPC64_POWER4=y
CONFIG_CPU_POWERPC64_POWER4p=n
CONFIG_CPU_POWERPC64_PPC970=n


#
# Miscellaneous
#
CONFIG_BOOTMEM_PAGES=1024



#
# Kernel
#
CONFIG_EXPERIMENTAL=n
CONFIG_IPC_FASTPATH=n
CONFIG_DEBUG=n
CONFIG_DEBUG_SYMBOLS=n
CONFIG_STATIC_TCBS=n
CONFIG_PPC64_TRASH_OF=n


#
# Debugger
#

#
# Kernel Debugger Console
#
CONFIG_KDB_CONS_COM=n
CONFIG_KDB_CONS_RTAS=n
CONFIG_KDB_BOOT_CONS=0

CONFIG_KDB_DISAS=n
CONFIG_KDB_ON_STARTUP=n
CONFIG_KDB_BREAKIN=n
CONFIG_KDB_BREAKIN_BREAK=n
CONFIG_KDB_BREAKIN_ESCAPE=n
CONFIG_KDB_NO_ASSERTS=n

#
# Trace Settings
#
CONFIG_VERBOSE_INIT=n
CONFIG_TRACEPOINTS=n
CONFIG_KMEM_TRACE=n
CONFIG_TRACEBUFFER=n



#
# Code Generator Options
#


#
# Derived symbols
#
CONFIG_HAVE_MEMORY_CONTROL=y
CONFIG_X86_PSE=n
CONFIG_BIGENDIAN=y
CONFIG_PPC_MMU_TLB=n
CONFIG_X86_SYSENTER=n
CONFIG_X86_PGE=n
CONFIG_X86_FXSR=n
CONFIG_IS_32BIT=n
CONFIG_X86_HTT=n
CONFIG_X86_PAT=n
CONFIG_PPC_BOOKE=n
CONFIG_IS_64BIT=y
CONFIG_MULTI_ARCHITECTURE=n
CONFIG_X86_EM64T=n
CONFIG_PPC_CACHE_L1_WRITETHROUGH=n
CONFIG_PPC_TLB_INV_LOCAL=n
CONFIG_PPC_CACHE_ICBI_LOCAL=n
CONFIG_X86_SMALL_SPACES_GLOBAL=n
CONFIG_X86_HVM=n
CONFIG_PPC_MMU_SEGMENTS=n
CONFIG_X86_TSC=n
#
# That's all, folks!
